=================================================================
🚀 Welcome to TinyWeb - Decentralized PBFT Blockchain Node!
=================================================================
Node Configuration:
  Node ID: 0
  API Port: 8017
  Protocol: HTTP + PBFT Consensus
  Features: Blockchain, Invitations, Encrypted Transactions
-----------------------------------------------------------------
Initializing TinyWeb system components...
Message queues initialized
System components initialized successfully
Creating PBFT node...
Mongoose HTTP client initialized
Invitation system initialized
Initializing node keys...
Initializing keys for node 0
Loaded existing keys for node 0
Loading blockchain...
Loading/creating blockchain for node 0
Loading existing blockchain from state/blockchain/blockchain.dat
Loaded blockchain (Original size: 6218 bytes, Compressed size: 4696 bytes)
Loaded existing blockchain for node 0 with length 2
Initializing database...
WAL mode and optimizations configured successfully
Database initialized successfully: state/blockchain/blockchain.db
Database initialized successfully
Syncing blockchain to database...
Syncing blockchain to database (2 blocks)...
Failed to sync block 0
Warning: Failed to sync blockchain to database
✅ TinyWeb PBFT node initialized successfully
-----------------------------------------------------------------
🌐 HTTP API Server: http://localhost:8017
📊 Available Endpoints:
  • GET  /                          - Node status
  • GET  /GetBlockChainLength       - Blockchain info
  • POST /Transaction               - Submit transaction
  • POST /invitation/create         - Create invitation
  • POST /invitation/accept/<code>  - Accept invitation
  • GET  /invitation/pending        - List pending invitations
🔧 Press Ctrl+C to shutdown gracefully
=================================================================
PBFT node 0 starting on port 8017
TinyWeb monitor thread started
Starting PBFT API server on port 8017
PBFT node threads started successfully
PBFT main consensus loop started for node 0
PBFT API server listening on http://0.0.0.0:8017
Node 0: Proposing block (round 3)
DEBUG: Creating block 2 with previous hash: 11fd1ed44a140981eee6fbbca6a76444a3c60db12ebc9ed86a81f3c5f294a214
Created new block with index 2 and 0 transactions
Node 0: Committing block directly (singular mode)
DEBUG: Block 2 validation - Expected prev hash: 11fd1ed44a140981eee6fbbca6a76444a3c60db12ebc9ed86a81f3c5f294a214, Actual prev hash: 11fd1ed44a140981eee6fbbca6a76444a3c60db12ebc9ed86a81f3c5f294a214
Block validation passed for block 2
DEBUG: Block 2 validation - Expected prev hash: 11fd1ed44a140981eee6fbbca6a76444a3c60db12ebc9ed86a81f3c5f294a214, Actual prev hash: 11fd1ed44a140981eee6fbbca6a76444a3c60db12ebc9ed86a81f3c5f294a214
Block validation passed for block 2
DEBUG: TW_BlockChain_add_block - Expected prev hash: 11fd1ed44a140981eee6fbbca6a76444a3c60db12ebc9ed86a81f3c5f294a214, Block prev hash: 11fd1ed44a140981eee6fbbca6a76444a3c60db12ebc9ed86a81f3c5f294a214
DEBUG: TW_BlockChain_add_block - Successfully added block 2, new length: 3
Successfully committed block 2 to blockchain
Block 2 synced to database
DEBUG BLOCKS: Database count=379, Blockchain length=3
DEBUG BLOCKS: Using blockchain_length=3 instead of total_blocks=379
DEBUG BLOCKS: Loop i=0, block_index=2, blockchain_length=3
DEBUG BLOCKS: Loop i=1, block_index=1, blockchain_length=3
DEBUG BLOCKS: Loop i=2, block_index=0, blockchain_length=3

Received signal 15, shutting down gracefully...

Received signal 15, shutting down gracefully...

Received signal 15, shutting down gracefully...
TinyWeb monitor thread stopping
PBFT main consensus loop stopped for node 0
PBFT API server shutting down
PBFT node 0 shutdown complete
Waiting for monitor thread to finish...
Cleaning up system components...
Message queues cleaned up
Database closed successfully
Database closed
Mongoose HTTP client cleaned up
System cleanup completed

=================================================================
🛑 TinyWeb PBFT Node shutdown complete - Goodbye!
=================================================================
