TinyWeb PBFT Node Starting...
Node Configuration:
  Node ID: 0
  API Port: 5000
Initializing PBFT system components...
Message queues initialized
System components initialized successfully
Mongoose HTTP client initialized
Invitation system initialized
Initializing keys for node 0
Loaded existing keys for node 0
Loading/creating blockchain for node 0
Loading existing blockchain from state/blockchain/blockchain.dat
Loaded blockchain (Original size: 6218 bytes, Compressed size: 4696 bytes)
Loaded existing blockchain for node 0 with length 2
PBFT node initialized successfully
PBFT node 0 starting on port 5000
PBFT monitor thread started
Node Status - ID: 0, Blockchain Length: 2, Peers: 0
Starting PBFT API server on port 5000
PBFT node threads started successfully
PBFT main consensus loop started for node 0
PBFT API server listening on http://0.0.0.0:5000

Received signal 15, shutting down gracefully...
PBFT monitor thread stopping
PBFT main consensus loop stopped for node 0
PBFT API server shutting down
PBFT node 0 shutdown complete
Waiting for monitor thread to finish...
Cleaning up system components...
Message queues cleaned up
Mongoose HTTP client cleaned up
System cleanup completed
TinyWeb PBFT Node shutdown complete
