TinyWeb PBFT Node Starting...
Node Configuration:
  Node ID: 1
  API Port: 5002
Initializing PBFT system components...
Message queues initialized
System components initialized successfully
Initializing keys for node 1
Loaded existing keys for node 1
Loading/creating blockchain for node 1
Loading existing blockchain from state/blockchain/blockchain.dat
Loaded blockchain (Original size: 6218 bytes, Compressed size: 4695 bytes)
Loaded existing blockchain for node 1 with length 2
PBFT node initialized successfully
PBFT node 1 starting on port 5002
PBFT monitor thread started
Node Status - ID: 1, Blockchain Length: 2, Peers: 0
PBFT node threads started successfully
Starting PBFT API server on port 5002
PBFT main consensus loop started for node 1
PBFT API server listening on http://0.0.0.0:5002
Successfully parsed transaction: type=1, recipients=1
WAL mode and optimizations configured successfully
Database initialized successfully: state/blockchain/blockchain.db
Database closed successfully
User verification failed: Not registered
User not verified, public key: d25e49d4bb495f3e3fa9757164337ad354184282a0bde7ca940bd53b526be522
Successfully parsed transaction: type=1, recipients=1
WAL mode and optimizations configured successfully
Database initialized successfully: state/blockchain/blockchain.db
Database closed successfully
User verification failed: Not registered
User not verified, public key: d25e49d4bb495f3e3fa9757164337ad354184282a0bde7ca940bd53b526be522
Node 1: Blockchain length: 2, Peers: 0, Proposer ID: 0
Node 1: Creating block for singular node
Node 1: Sending block creation signal for singular node
Successfully parsed transaction: type=1, recipients=1
WAL mode and optimizations configured successfully
Database initialized successfully: state/blockchain/blockchain.db
Database closed successfully
User verification failed: Not registered
User not verified, public key: d25e49d4bb495f3e3fa9757164337ad354184282a0bde7ca940bd53b526be522
Node 1: Blockchain length: 2, Peers: 0, Proposer ID: 0
Node 1: Creating block for singular node
Node 1: Sending block creation signal for singular node
Node 1: Checking blockchain sync and peer status
Node 1: Blockchain length: 2, Peers: 0, Proposer ID: 0
Node 1: Creating block for singular node
Node 1: Sending block creation signal for singular node
Node 1: Blockchain length: 2, Peers: 0, Proposer ID: 0
Node 1: Creating block for singular node
Node 1: Sending block creation signal for singular node
Node 1: Checking blockchain sync and peer status

Received signal 15, shutting down gracefully...
PBFT monitor thread stopping
PBFT main consensus loop stopped for node 1
PBFT API server shutting down
PBFT node 1 shutdown complete
Waiting for monitor thread to finish...
Cleaning up system components...
Message queues cleaned up
System cleanup completed
TinyWeb PBFT Node shutdown complete
