=================================================================
🚀 Welcome to TinyWeb - Decentralized PBFT Blockchain Node!
=================================================================
Node Configuration:
  Node ID: 0
  API Port: 8000
  Protocol: HTTP + PBFT Consensus
  Features: Blockchain, Invitations, Encrypted Transactions
-----------------------------------------------------------------
Initializing TinyWeb system components...
Message queues initialized
System components initialized successfully
Creating PBFT node...
Mongoose HTTP client initialized
Invitation system initialized
Initializing node keys...
Initializing keys for node 0
Loaded existing keys for node 0
Loading blockchain...
Loading/creating blockchain for node 0
Loading existing blockchain from state/blockchain/blockchain.dat
Loaded blockchain (Original size: 4989 bytes, Compressed size: 3839 bytes)
Loaded existing blockchain for node 0 with length 11
🔧 Blockchain Data Manager initialized
   Critical data: 0 days (0=forever)
   Important data: 120 days
   Operational data: 30 days
🔄 Database inconsistent with blockchain, reloading...
🔄 Starting blockchain data reload...
📊 Blockchain length: 11 blocks
🗄️  Database size before: 159744 bytes (0.15 MB)
⚠️ Warning: Failed to sync block 0 to database
⚠️ Warning: Failed to sync block 1 to database
⚠️ Warning: Failed to sync block 2 to database
⚠️ Warning: Failed to sync block 3 to database
⚠️ Warning: Failed to sync block 4 to database
⚠️ Warning: Failed to sync block 5 to database
⚠️ Warning: Failed to sync block 6 to database
⚠️ Warning: Failed to sync block 7 to database
⚠️ Warning: Failed to sync block 8 to database
⚠️ Warning: Failed to sync block 9 to database
⚠️ Warning: Failed to sync block 10 to database

📈 Blockchain Reload Complete!
⏱️  Processing time: 0.00 seconds
🗃️  Blocks processed: 11
📝 Transactions loaded: 0
   └─ Critical: 0
   └─ Important: 0
   └─ Operational: 0
🚫 Transactions skipped: 0
💾 Database size: 159744 → 159744 bytes (0.15 MB)
✅ Database successfully reloaded from blockchain
📊 Reload Statistics:
   Critical transactions: 0
   Important transactions: 0
   Operational transactions: 0
   Transactions skipped: 0
Initializing database...
WAL mode and optimizations configured successfully
Database initialized successfully: state/blockchain/blockchain.db
Database initialized successfully
Registering node node_000 in database...
Node node_000 registered successfully
✓ Node registered successfully
Syncing blockchain to database...
Syncing blockchain to database (11 blocks)...
Failed to sync block 0
Warning: Failed to sync blockchain to database
✅ TinyWeb PBFT node initialized successfully
-----------------------------------------------------------------
🌐 HTTP API Server: http://localhost:8000
📊 Available Endpoints:
  • GET  /                          - Node status
  • GET  /GetBlockChainLength       - Blockchain info
  • POST /Transaction               - Submit transaction
  • POST /invitation/create         - Create invitation
  • POST /invitation/accept/<code>  - Accept invitation
  • GET  /invitation/pending        - List pending invitations
🔧 Press Ctrl+C to shutdown gracefully
=================================================================
PBFT node 0 starting on port 8000
TinyWeb monitor thread started
Starting PBFT API server on port 8000
PBFT node threads started successfully
PBFT main consensus loop started for node 0
PBFT API server listening on http://0.0.0.0:8000
Node 0: Blockchain length: 11, Peers: 0, Proposer ID: 0
Node 0: Creating block for singular node
Node 0: Creating block for singular node mode
DEBUG: Creating block 11 with previous hash: d791696624ada740460bdcfddeb84611a0811fbc87b4d5309a97c645f76630f5
Created new block with index 11 and 0 transactions
DEBUG: Block 11 validation - Expected prev hash: d791696624ada740460bdcfddeb84611a0811fbc87b4d5309a97c645f76630f5, Actual prev hash: d791696624ada740460bdcfddeb84611a0811fbc87b4d5309a97c645f76630f5
Block validation passed for block 11
DEBUG: Block 11 validation - Expected prev hash: d791696624ada740460bdcfddeb84611a0811fbc87b4d5309a97c645f76630f5, Actual prev hash: d791696624ada740460bdcfddeb84611a0811fbc87b4d5309a97c645f76630f5
Block validation passed for block 11
DEBUG: TW_BlockChain_add_block - Expected prev hash: d791696624ada740460bdcfddeb84611a0811fbc87b4d5309a97c645f76630f5, Block prev hash: d791696624ada740460bdcfddeb84611a0811fbc87b4d5309a97c645f76630f5
DEBUG: TW_BlockChain_add_block - Successfully added block 11, new length: 12
Successfully committed block 11 to blockchain
Saving blockchain after block commit...
Node 0: Saving blockchain (length: 12)
Saved BlockChain To File! (Original size: 5093 bytes, Compressed size: 3921 bytes)
Blockchain saved as JSON to state/blockchain/blockchain.json
Node 0: Successfully saved blockchain to file
Block 11 synced to database successfully
Node 0: Successfully created and committed block 11 in singular mode
Node 0: Proposing block (round 10)
DEBUG: Creating block 12 with previous hash: dcb6281baa87d9e2ce8f7c69ac70ea961ee7afdfc227e236a64a2170ec3f1d71
Created new block with index 12 and 0 transactions
Node 0: Committing block directly (singular mode)
DEBUG: Block 12 validation - Expected prev hash: dcb6281baa87d9e2ce8f7c69ac70ea961ee7afdfc227e236a64a2170ec3f1d71, Actual prev hash: dcb6281baa87d9e2ce8f7c69ac70ea961ee7afdfc227e236a64a2170ec3f1d71
Block validation passed for block 12
DEBUG: Block 12 validation - Expected prev hash: dcb6281baa87d9e2ce8f7c69ac70ea961ee7afdfc227e236a64a2170ec3f1d71, Actual prev hash: dcb6281baa87d9e2ce8f7c69ac70ea961ee7afdfc227e236a64a2170ec3f1d71
Block validation passed for block 12
DEBUG: TW_BlockChain_add_block - Expected prev hash: dcb6281baa87d9e2ce8f7c69ac70ea961ee7afdfc227e236a64a2170ec3f1d71, Block prev hash: dcb6281baa87d9e2ce8f7c69ac70ea961ee7afdfc227e236a64a2170ec3f1d71
DEBUG: TW_BlockChain_add_block - Successfully added block 12, new length: 13
Successfully committed block 12 to blockchain
Saving blockchain after block commit...
Node 0: Saving blockchain (length: 13)
Saved BlockChain To File! (Original size: 5197 bytes, Compressed size: 3995 bytes)
Blockchain saved as JSON to state/blockchain/blockchain.json
Node 0: Successfully saved blockchain to file
Block 12 synced to database
Node 0: Blockchain length: 13, Peers: 0, Proposer ID: 0
Node 0: Creating block for singular node
Node 0: Creating block for singular node mode
DEBUG: Creating block 13 with previous hash: 432ac6081416484831c0ee847c8063661294253cc27902d6e758d56e3971ab16
Created new block with index 13 and 0 transactions
DEBUG: Block 13 validation - Expected prev hash: 432ac6081416484831c0ee847c8063661294253cc27902d6e758d56e3971ab16, Actual prev hash: 432ac6081416484831c0ee847c8063661294253cc27902d6e758d56e3971ab16
Block validation passed for block 13
DEBUG: Block 13 validation - Expected prev hash: 432ac6081416484831c0ee847c8063661294253cc27902d6e758d56e3971ab16, Actual prev hash: 432ac6081416484831c0ee847c8063661294253cc27902d6e758d56e3971ab16
Block validation passed for block 13
DEBUG: TW_BlockChain_add_block - Expected prev hash: 432ac6081416484831c0ee847c8063661294253cc27902d6e758d56e3971ab16, Block prev hash: 432ac6081416484831c0ee847c8063661294253cc27902d6e758d56e3971ab16
DEBUG: TW_BlockChain_add_block - Successfully added block 13, new length: 14
Successfully committed block 13 to blockchain
Saving blockchain after block commit...
Node 0: Saving blockchain (length: 14)
Saved BlockChain To File! (Original size: 5301 bytes, Compressed size: 4065 bytes)
Blockchain saved as JSON to state/blockchain/blockchain.json
Node 0: Successfully saved blockchain to file
Block 13 synced to database successfully
Node 0: Successfully created and committed block 13 in singular mode
Node 0: Proposing block (round 20)
DEBUG: Creating block 14 with previous hash: 610479d4c7a0b3e0ad41074c7c6529564ea18e6562582ca81ea6c367dcd9b2a8
Created new block with index 14 and 0 transactions
Node 0: Committing block directly (singular mode)
DEBUG: Block 14 validation - Expected prev hash: 610479d4c7a0b3e0ad41074c7c6529564ea18e6562582ca81ea6c367dcd9b2a8, Actual prev hash: 610479d4c7a0b3e0ad41074c7c6529564ea18e6562582ca81ea6c367dcd9b2a8
Block validation passed for block 14
DEBUG: Block 14 validation - Expected prev hash: 610479d4c7a0b3e0ad41074c7c6529564ea18e6562582ca81ea6c367dcd9b2a8, Actual prev hash: 610479d4c7a0b3e0ad41074c7c6529564ea18e6562582ca81ea6c367dcd9b2a8
Block validation passed for block 14
DEBUG: TW_BlockChain_add_block - Expected prev hash: 610479d4c7a0b3e0ad41074c7c6529564ea18e6562582ca81ea6c367dcd9b2a8, Block prev hash: 610479d4c7a0b3e0ad41074c7c6529564ea18e6562582ca81ea6c367dcd9b2a8
DEBUG: TW_BlockChain_add_block - Successfully added block 14, new length: 15
Successfully committed block 14 to blockchain
Saving blockchain after block commit...
Node 0: Saving blockchain (length: 15)
Saved BlockChain To File! (Original size: 5405 bytes, Compressed size: 4121 bytes)
Blockchain saved as JSON to state/blockchain/blockchain.json
Node 0: Successfully saved blockchain to file
Block 14 synced to database
Node 0: Checking blockchain sync and peer status
Node 0: Blockchain length: 15, Peers: 0, Proposer ID: 0
Node 0: Creating block for singular node
Node 0: Creating block for singular node mode
DEBUG: Creating block 15 with previous hash: ca57491b40099d30ffe76240b90c147c4bde88d4117a082b76596787442cf9f3
Created new block with index 15 and 0 transactions
DEBUG: Block 15 validation - Expected prev hash: ca57491b40099d30ffe76240b90c147c4bde88d4117a082b76596787442cf9f3, Actual prev hash: ca57491b40099d30ffe76240b90c147c4bde88d4117a082b76596787442cf9f3
Block validation passed for block 15
DEBUG: Block 15 validation - Expected prev hash: ca57491b40099d30ffe76240b90c147c4bde88d4117a082b76596787442cf9f3, Actual prev hash: ca57491b40099d30ffe76240b90c147c4bde88d4117a082b76596787442cf9f3
Block validation passed for block 15
DEBUG: TW_BlockChain_add_block - Expected prev hash: ca57491b40099d30ffe76240b90c147c4bde88d4117a082b76596787442cf9f3, Block prev hash: ca57491b40099d30ffe76240b90c147c4bde88d4117a082b76596787442cf9f3
DEBUG: TW_BlockChain_add_block - Successfully added block 15, new length: 16
Successfully committed block 15 to blockchain
Saving blockchain after block commit...
Node 0: Saving blockchain (length: 16)
Saved BlockChain To File! (Original size: 5509 bytes, Compressed size: 4178 bytes)
Blockchain saved as JSON to state/blockchain/blockchain.json
Node 0: Successfully saved blockchain to file
Block 15 synced to database successfully
Node 0: Successfully created and committed block 15 in singular mode
Node 0: Proposing block (round 30)
DEBUG: Creating block 16 with previous hash: ac63765da2087d667541ec5197d40679057e09b9de401810cc27cba9aa545614
Created new block with index 16 and 0 transactions
Node 0: Committing block directly (singular mode)
DEBUG: Block 16 validation - Expected prev hash: ac63765da2087d667541ec5197d40679057e09b9de401810cc27cba9aa545614, Actual prev hash: ac63765da2087d667541ec5197d40679057e09b9de401810cc27cba9aa545614
Block validation passed for block 16
DEBUG: Block 16 validation - Expected prev hash: ac63765da2087d667541ec5197d40679057e09b9de401810cc27cba9aa545614, Actual prev hash: ac63765da2087d667541ec5197d40679057e09b9de401810cc27cba9aa545614
Block validation passed for block 16
DEBUG: TW_BlockChain_add_block - Expected prev hash: ac63765da2087d667541ec5197d40679057e09b9de401810cc27cba9aa545614, Block prev hash: ac63765da2087d667541ec5197d40679057e09b9de401810cc27cba9aa545614
DEBUG: TW_BlockChain_add_block - Successfully added block 16, new length: 17
Successfully committed block 16 to blockchain
Saving blockchain after block commit...
Node 0: Saving blockchain (length: 17)
Saved BlockChain To File! (Original size: 5613 bytes, Compressed size: 4238 bytes)
Blockchain saved as JSON to state/blockchain/blockchain.json
Node 0: Successfully saved blockchain to file
Block 16 synced to database
Node 0: Blockchain length: 17, Peers: 0, Proposer ID: 0
Node 0: Creating block for singular node
Node 0: Creating block for singular node mode
DEBUG: Creating block 17 with previous hash: 70abaac5e69861f5811b94bfb7b52f85f069f251d13df2e8965d35c091023ab2
Created new block with index 17 and 0 transactions
DEBUG: Block 17 validation - Expected prev hash: 70abaac5e69861f5811b94bfb7b52f85f069f251d13df2e8965d35c091023ab2, Actual prev hash: 70abaac5e69861f5811b94bfb7b52f85f069f251d13df2e8965d35c091023ab2
Block validation passed for block 17
DEBUG: Block 17 validation - Expected prev hash: 70abaac5e69861f5811b94bfb7b52f85f069f251d13df2e8965d35c091023ab2, Actual prev hash: 70abaac5e69861f5811b94bfb7b52f85f069f251d13df2e8965d35c091023ab2
Block validation passed for block 17
DEBUG: TW_BlockChain_add_block - Expected prev hash: 70abaac5e69861f5811b94bfb7b52f85f069f251d13df2e8965d35c091023ab2, Block prev hash: 70abaac5e69861f5811b94bfb7b52f85f069f251d13df2e8965d35c091023ab2
DEBUG: TW_BlockChain_add_block - Successfully added block 17, new length: 18
Successfully committed block 17 to blockchain
Saving blockchain after block commit...
Node 0: Saving blockchain (length: 18)
Saved BlockChain To File! (Original size: 5717 bytes, Compressed size: 4298 bytes)
Blockchain saved as JSON to state/blockchain/blockchain.json
Node 0: Successfully saved blockchain to file
Block 17 synced to database successfully
Node 0: Successfully created and committed block 17 in singular mode
Node 0: Proposing block (round 40)
DEBUG: Creating block 18 with previous hash: 699b085dc4868fc262b27961d3c6cf619d487713eb84e798cb60e1200cf8e461
Created new block with index 18 and 0 transactions
Node 0: Committing block directly (singular mode)
DEBUG: Block 18 validation - Expected prev hash: 699b085dc4868fc262b27961d3c6cf619d487713eb84e798cb60e1200cf8e461, Actual prev hash: 699b085dc4868fc262b27961d3c6cf619d487713eb84e798cb60e1200cf8e461
Block validation passed for block 18
DEBUG: Block 18 validation - Expected prev hash: 699b085dc4868fc262b27961d3c6cf619d487713eb84e798cb60e1200cf8e461, Actual prev hash: 699b085dc4868fc262b27961d3c6cf619d487713eb84e798cb60e1200cf8e461
Block validation passed for block 18
DEBUG: TW_BlockChain_add_block - Expected prev hash: 699b085dc4868fc262b27961d3c6cf619d487713eb84e798cb60e1200cf8e461, Block prev hash: 699b085dc4868fc262b27961d3c6cf619d487713eb84e798cb60e1200cf8e461
DEBUG: TW_BlockChain_add_block - Successfully added block 18, new length: 19
Successfully committed block 18 to blockchain
Saving blockchain after block commit...
Node 0: Saving blockchain (length: 19)
Saved BlockChain To File! (Original size: 5821 bytes, Compressed size: 4357 bytes)
Blockchain saved as JSON to state/blockchain/blockchain.json
Node 0: Successfully saved blockchain to file
Block 18 synced to database

Received signal 15, shutting down gracefully...
PBFT API server shutting down
Marking node node_000 as offline...
TinyWeb monitor thread stopping
PBFT main consensus loop stopped for node 0
PBFT node 0 shutdown complete
Waiting for monitor thread to finish...
Cleaning up system components...
Message queues cleaned up
Database closed successfully
Database closed
🧹 Blockchain Data Manager cleanup complete
Mongoose HTTP client cleaned up
System cleanup completed

=================================================================
🛑 TinyWeb PBFT Node shutdown complete - Goodbye!
=================================================================
